<?xml version="1.0" encoding="UTF-8"?>
<testsuite name="edu.coursera.concurrent.SieveTest" time="9.528" tests="2" errors="0" skipped="0" failures="2">
  <properties>
[...]
</properties>
  <testcase name="testActorSieveOneHundredThousand" classname="edu.coursera.concurrent.SieveTest" time="2.299">
    <failure message="Expected scalability of 1.600000x going from 4 cores to 8 cores, but found 0.931818x" type="junit.framework.AssertionFailedError">junit.framework.AssertionFailedError: Expected scalability of 1.600000x going from 4 cores to 8 cores, but found 0.931818x
	at junit.framework.Assert.fail(Assert.java:47)
	at junit.framework.Assert.assertTrue(Assert.java:20)
	at edu.coursera.concurrent.SieveTest.testActorSieveOneHundredThousand(SieveTest.java:47)
</failure>
  </testcase>
  <testcase name="testActorSieveTwoHundredThousand" classname="edu.coursera.concurrent.SieveTest" time="7.229">
    <failure message="Expected scalability of 1.600000x going from 4 cores to 8 cores, but found 1.163569x" type="junit.framework.AssertionFailedError">junit.framework.AssertionFailedError: Expected scalability of 1.600000x going from 4 cores to 8 cores, but found 1.163569x
	at junit.framework.Assert.fail(Assert.java:47)
	at junit.framework.Assert.assertTrue(Assert.java:20)
	at edu.coursera.concurrent.SieveTest.testActorSieveTwoHundredThousand(SieveTest.java:69)
</failure>
  </testcase>
</testsuite>